<?xml version="1.0" encoding="UTF-8"?>
<!-- Generated by org.testng.reporters.JUnitXMLReporter -->
<testsuite ignored="0" hostname="QT-INNO-LT0619" failures="2" tests="10" name="Test" time="0.164" errors="0" timestamp="2022-09-09T21:13:57 IST">
  <testcase classname="practice.P2" name="testMethod" time="0.017">
    <skipped/>
  </testcase> <!-- testMethod -->
  <testcase classname="practice.P2" name="testMethod" time="0.003">
    <skipped/>
  </testcase> <!-- testMethod -->
  <testcase classname="practice.P2" name="testMethod" time="0.002">
    <skipped/>
  </testcase> <!-- testMethod -->
  <testcase classname="practice.P2" name="testMethod" time="0.003">
    <skipped/>
  </testcase> <!-- testMethod -->
  <testcase classname="practice.P2" name="testMethod" time="0.004">
    <failure type="java.lang.AssertionError" message="expected [true] but found [false]">
      <![CDATA[java.lang.AssertionError: expected [true] but found [false]
at practice.P2.testMethod(P2.java:11)
at java.base/java.util.ArrayList.forEach(ArrayList.java:1511)
... Removed 33 stack frames]]>
    </failure>
  </testcase> <!-- testMethod -->
  <testcase classname="practice.P2" name="testMethod1" time="0.003">
    <skipped/>
  </testcase> <!-- testMethod1 -->
  <testcase classname="practice.P2" name="testMethod1" time="0.003">
    <skipped/>
  </testcase> <!-- testMethod1 -->
  <testcase classname="practice.P2" name="testMethod1" time="0.001">
    <skipped/>
  </testcase> <!-- testMethod1 -->
  <testcase classname="practice.P2" name="testMethod1" time="0.003">
    <skipped/>
  </testcase> <!-- testMethod1 -->
  <testcase classname="practice.P2" name="testMethod1" time="0.002">
    <failure type="java.lang.AssertionError" message="expected [true] but found [false]">
      <![CDATA[java.lang.AssertionError: expected [true] but found [false]
at practice.P2.testMethod1(P2.java:20)
at java.base/java.util.ArrayList.forEach(ArrayList.java:1511)
... Removed 33 stack frames]]>
    </failure>
  </testcase> <!-- testMethod1 -->
</testsuite> <!-- Test -->
