<?xml version="1.0" encoding="UTF-8"?>
<!-- Generated by org.testng.reporters.JUnitXMLReporter -->
<testsuite hostname="QT-INNO-LT0619" ignored="3" name="Test" tests="4" failures="0" timestamp="2022-06-12T19:23:03 IST" time="0.093" errors="0">
  <testcase name="startVDI" time="0.008" classname="com.makemytrip.Web.VDITest"/>
  <testcase name="ProcessAPI" time="0.001" classname="com.makemytrip.Web.APITest"/>
  <testcase name="EndAPI" time="0.001" classname="com.makemytrip.Web.APITest"/>
  <testcase name="startSelenium" time="0.003" classname="com.makemytrip.Web.SeleniumTest"/>
  <testcase name="ProcessSelenium" time="0.0" classname="com.makemytrip.Web.SeleniumTest">
    <ignored/>
  </testcase> <!-- ProcessSelenium -->
  <testcase name="ProcessVDI" time="0.0" classname="com.makemytrip.Web.VDITest">
    <ignored/>
  </testcase> <!-- ProcessVDI -->
  <testcase name="startAPI" time="0.0" classname="com.makemytrip.Web.APITest">
    <ignored/>
  </testcase> <!-- startAPI -->
</testsuite> <!-- Test -->
