<?xml version="1.0" encoding="UTF-8"?>
<testsuite xmlns:xsi="http://www.w3.org/2001/XMLSchema-instance" xsi:noNamespaceSchemaLocation="https://maven.apache.org/surefire/maven-surefire-plugin/xsd/surefire-test-report-3.0.xsd" version="3.0" name="TestSuite" time="1.255" tests="4" errors="0" skipped="0" failures="0">
  <properties>
[...]
</properties>
  <testcase name="startVDI" classname="com.makemytrip.Web.VDITest" time="0.014">
    <system-out><![CDATA[Starting VDI
]]></system-out>
  </testcase>
  <testcase name="ProcessAPI" classname="com.makemytrip.Web.APITest" time="0.007">
    <system-out><![CDATA[Process API
]]></system-out>
  </testcase>
  <testcase name="EndAPI" classname="com.makemytrip.Web.APITest" time="0.006">
    <system-out><![CDATA[End API
]]></system-out>
  </testcase>
  <testcase name="startSelenium" classname="com.makemytrip.Web.SeleniumTest" time="0.008">
    <system-out><![CDATA[Starting Selenium
]]></system-out>
  </testcase>
</testsuite>