<?xml version="1.0" encoding="UTF-8"?>
<testng-results ignored="0" total="1" passed="1" failed="0" skipped="0">
  <reporter-output>
  </reporter-output>
  <suite started-at="2022-07-05T08:46:57 IST" name="Default suite" finished-at="2022-07-05T08:47:52 IST" duration-ms="54309">
    <groups>
    </groups>
    <test started-at="2022-07-05T08:46:57 IST" name="Default test" finished-at="2022-07-05T08:47:52 IST" duration-ms="54309">
      <class name="com.makemytrip.Web.TestLogin">
        <test-method is-config="true" signature="setup()[pri:0, instance:com.makemytrip.Web.TestLogin@932bc4a]" started-at="2022-07-05T08:46:57 IST" name="setup" finished-at="2022-07-05T08:47:28 IST" duration-ms="30605" status="PASS">
          <reporter-output>
          </reporter-output>
        </test-method> <!-- setup -->
        <test-method signature="verify_login()[pri:0, instance:com.makemytrip.Web.TestLogin@932bc4a]" started-at="2022-07-05T08:47:28 IST" name="verify_login" finished-at="2022-07-05T08:47:52 IST" duration-ms="23647" status="PASS">
          <reporter-output>
          </reporter-output>
        </test-method> <!-- verify_login -->
      </class> <!-- com.makemytrip.Web.TestLogin -->
    </test> <!-- Default test -->
  </suite> <!-- Default suite -->
</testng-results>
